<?xml version="1.0"?>
<component name="org.nuxeo.ecm.friendships.test.directoryContrib">
  <extension target="org.nuxeo.ecm.directory.sql.SQLDirectoryFactory"
    point="directories">

    <directory name="actorRelationshipDirectory" remove="true" />

    <directory name="actorRelationshipDirectory">
      <schema>actor_relationship</schema>
      <dbDriver>${nuxeo.test.vcs.driver}</dbDriver>
      <dbUrl>${nuxeo.test.vcs.url}</dbUrl>
      <dbUser>${nuxeo.test.vcs.user}</dbUser>
      <dbPassword>${nuxeo.test.vcs.password}</dbPassword>
      <cacheTimeout>3600</cacheTimeout>
      <cacheMaxSize>1000</cacheMaxSize>
      <table>actor_relationship</table>
      <idField>id</idField>
      <autoincrementIdField>true</autoincrementIdField>
      <createTablePolicy>on_missing_columns</createTablePolicy>
      <substringMatchType>subany</substringMatchType>
    </directory>

  </extension>

  <extension target="org.nuxeo.ecm.social.relationship.service.RelationshipService"
    point="relationshipKinds">
    <kind group="user" name="friend" label="%s is friend with %s" />
    <kind group="user" name="coworker" label="%s works with %s" />
    <kind group="user" name="connected" label="%s is connected to %s" />
    <kind group="user" name="relation" label="%s is in a relationship with %s" />
    <kind group="other" name="trucmuch" label="" />
  </extension>

</component>
