<?xml version="1.0"?>

<component name="org.nuxeo.ecm.social.workspace.usermanager.contrib">

  <require>org.nuxeo.ecm.platform.usermanager.UserManagerImpl</require>

  <extension target="org.nuxeo.ecm.platform.usermanager.UserService" point="userManager">

    <userManager class="org.nuxeo.ecm.platform.computedgroups.UserManagerWithComputedGroups">

      <defaultAdministratorId>Administrator</defaultAdministratorId>
      <defaultGroup>members</defaultGroup>

    </userManager>

  </extension>

</component>
