<?xml version="1.0"?>
<component name="org.nuxeo.ecm.test.social.workspace.service.contrib">

  <require>org.nuxeo.ecm.social.workspace.service.SocialWorkspaceService.contrib</require>

  <extension target="org.nuxeo.ecm.social.workspace.service.SocialWorkspaceService"
    point="configuration">
    <configuration>
      <validationTimeInDays>3</validationTimeInDays>
    </configuration>
  </extension>

  <extension target="org.nuxeo.ecm.social.workspace.service.SocialWorkspaceService"
    point="socialWorkspaceContainer">

    <socialWorkspaceContainer path="/collaboration" title="Collaboration" />

  </extension>

</component>
